<?xml version="1.0" encoding="UTF-8"?>
<coverage generated="1698289017760" clover="3.2.0">
  <project timestamp="1698289017760" name="All files">
    <metrics statements="46" coveredstatements="42" conditionals="5" coveredconditionals="5" methods="19" coveredmethods="18" elements="70" coveredelements="65" complexity="0" loc="46" ncloc="46" packages="1" files="1" classes="1"/>
    <file name="transcriptManager.ts" path="C:\Users\shara\CS4530\Activities\Solution\src\transcriptManager.ts">
      <metrics statements="46" coveredstatements="42" conditionals="5" coveredconditionals="5" methods="19" coveredmethods="18"/>
      <line num="11" count="1" type="stmt"/>
      <line num="13" count="1" type="stmt"/>
      <line num="14" count="18" type="stmt"/>
      <line num="17" count="1" type="stmt"/>
      <line num="18" count="0" type="stmt"/>
      <line num="19" count="0" type="stmt"/>
      <line num="20" count="0" type="stmt"/>
      <line num="21" count="0" type="stmt"/>
      <line num="24" count="1" type="stmt"/>
      <line num="25" count="5" type="stmt"/>
      <line num="30" count="1" type="stmt"/>
      <line num="33" count="21" type="stmt"/>
      <line num="34" count="21" type="stmt"/>
      <line num="39" count="1" type="cond" truecount="1" falsecount="0"/>
      <line num="40" count="21" type="stmt"/>
      <line num="41" count="21" type="stmt"/>
      <line num="42" count="21" type="stmt"/>
      <line num="43" count="21" type="stmt"/>
      <line num="47" count="1" type="stmt"/>
      <line num="48" count="10" type="stmt"/>
      <line num="52" count="1" type="stmt"/>
      <line num="53" count="6" type="stmt"/>
      <line num="54" count="3" type="stmt"/>
      <line num="59" count="1" type="stmt"/>
      <line num="60" count="5" type="stmt"/>
      <line num="61" count="5" type="cond" truecount="1" falsecount="0"/>
      <line num="62" count="1" type="stmt"/>
      <line num="64" count="4" type="stmt"/>
      <line num="67" count="1" type="stmt"/>
      <line num="68" count="18" type="stmt"/>
      <line num="69" count="16" type="cond" truecount="1" falsecount="0"/>
      <line num="70" count="1" type="stmt"/>
      <line num="72" count="15" type="stmt"/>
      <line num="73" count="15" type="stmt"/>
      <line num="74" count="15" type="stmt"/>
      <line num="76" count="2" type="stmt"/>
      <line num="83" count="15" type="stmt"/>
      <line num="84" count="15" type="cond" truecount="1" falsecount="0"/>
      <line num="85" count="2" type="stmt"/>
      <line num="87" count="13" type="stmt"/>
      <line num="91" count="1" type="stmt"/>
      <line num="92" count="6" type="stmt"/>
      <line num="93" count="6" type="stmt"/>
      <line num="94" count="6" type="cond" truecount="1" falsecount="0"/>
      <line num="95" count="3" type="stmt"/>
      <line num="98" count="3" type="stmt"/>
    </file>
  </project>
</coverage>
