{"C:\\Users\\shara\\CS4530\\Activities\\Solution\\src\\transcriptManager.ts": {"path":"C:\\Users\\shara\\CS4530\\Activities\\Solution\\src\\transcriptManager.ts","statementMap":{"0":{"start":{"line":11,"column":35},"end":{"line":11,"column":37}},"1":{"start":{"line":14,"column":2},"end":{"line":14,"column":22}},"2":{"start":{"line":13,"column":0},"end":{"line":13,"column":16}},"3":{"start":{"line":18,"column":2},"end":{"line":18,"column":99}},"4":{"start":{"line":19,"column":2},"end":{"line":19,"column":60}},"5":{"start":{"line":20,"column":2},"end":{"line":20,"column":96}},"6":{"start":{"line":21,"column":2},"end":{"line":21,"column":61}},"7":{"start":{"line":17,"column":0},"end":{"line":17,"column":16}},"8":{"start":{"line":25,"column":2},"end":{"line":25,"column":24}},"9":{"start":{"line":24,"column":0},"end":{"line":24,"column":16}},"10":{"start":{"line":30,"column":30},"end":{"line":30,"column":31}},"11":{"start":{"line":33,"column":4},"end":{"line":33,"column":22}},"12":{"start":{"line":34,"column":4},"end":{"line":34,"column":27}},"13":{"start":{"line":40,"column":16},"end":{"line":40,"column":40}},"14":{"start":{"line":41,"column":21},"end":{"line":41,"column":60}},"15":{"start":{"line":42,"column":2},"end":{"line":42,"column":55}},"16":{"start":{"line":43,"column":2},"end":{"line":43,"column":15}},"17":{"start":{"line":39,"column":0},"end":{"line":39,"column":16}},"18":{"start":{"line":48,"column":2},"end":{"line":48,"column":88}},"19":{"start":{"line":48,"column":44},"end":{"line":48,"column":85}},"20":{"start":{"line":47,"column":0},"end":{"line":47,"column":16}},"21":{"start":{"line":53,"column":2},"end":{"line":54,"column":53}},"22":{"start":{"line":53,"column":46},"end":{"line":53,"column":91}},"23":{"start":{"line":54,"column":23},"end":{"line":54,"column":51}},"24":{"start":{"line":52,"column":0},"end":{"line":52,"column":16}},"25":{"start":{"line":60,"column":16},"end":{"line":60,"column":81}},"26":{"start":{"line":60,"column":47},"end":{"line":60,"column":79}},"27":{"start":{"line":61,"column":2},"end":{"line":63,"column":null}},"28":{"start":{"line":62,"column":4},"end":{"line":62,"column":57}},"29":{"start":{"line":64,"column":2},"end":{"line":64,"column":34}},"30":{"start":{"line":59,"column":0},"end":{"line":59,"column":16}},"31":{"start":{"line":68,"column":17},"end":{"line":68,"column":82}},"32":{"start":{"line":68,"column":48},"end":{"line":68,"column":80}},"33":{"start":{"line":69,"column":2},"end":{"line":71,"column":null}},"34":{"start":{"line":70,"column":4},"end":{"line":70,"column":57}},"35":{"start":{"line":72,"column":24},"end":{"line":72,"column":46}},"36":{"start":{"line":73,"column":2},"end":{"line":77,"column":null}},"37":{"start":{"line":74,"column":4},"end":{"line":74,"column":80}},"38":{"start":{"line":76,"column":4},"end":{"line":76,"column":84}},"39":{"start":{"line":67,"column":0},"end":{"line":67,"column":16}},"40":{"start":{"line":83,"column":21},"end":{"line":83,"column":34}},"41":{"start":{"line":84,"column":2},"end":{"line":86,"column":null}},"42":{"start":{"line":84,"column":32},"end":{"line":84,"column":55}},"43":{"start":{"line":85,"column":4},"end":{"line":85,"column":22}},"44":{"start":{"line":87,"column":2},"end":{"line":87,"column":86}},"45":{"start":{"line":92,"column":24},"end":{"line":92,"column":82}},"46":{"start":{"line":92,"column":49},"end":{"line":92,"column":81}},"47":{"start":{"line":93,"column":19},"end":{"line":93,"column":70}},"48":{"start":{"line":93,"column":51},"end":{"line":93,"column":69}},"49":{"start":{"line":94,"column":2},"end":{"line":96,"column":null}},"50":{"start":{"line":95,"column":4},"end":{"line":95,"column":77}},"51":{"start":{"line":98,"column":2},"end":{"line":98,"column":24}},"52":{"start":{"line":91,"column":0},"end":{"line":91,"column":16}}},"fnMap":{"0":{"name":"initialize","decl":{"start":{"line":13,"column":16},"end":{"line":13,"column":26}},"loc":{"start":{"line":13,"column":26},"end":{"line":15,"column":1}}},"1":{"name":"addDemoData","decl":{"start":{"line":17,"column":16},"end":{"line":17,"column":27}},"loc":{"start":{"line":17,"column":27},"end":{"line":22,"column":1}}},"2":{"name":"getAll","decl":{"start":{"line":24,"column":16},"end":{"line":24,"column":22}},"loc":{"start":{"line":24,"column":22},"end":{"line":26,"column":1}}},"3":{"name":"(anonymous_3)","decl":{"start":{"line":32,"column":9},"end":{"line":32,"column":15}},"loc":{"start":{"line":32,"column":21},"end":{"line":35,"column":3}}},"4":{"name":"addStudent","decl":{"start":{"line":39,"column":16},"end":{"line":39,"column":26}},"loc":{"start":{"line":39,"column":67},"end":{"line":44,"column":1}}},"5":{"name":"getTranscript","decl":{"start":{"line":47,"column":16},"end":{"line":47,"column":29}},"loc":{"start":{"line":47,"column":47},"end":{"line":49,"column":1}}},"6":{"name":"(anonymous_6)","decl":{"start":{"line":48,"column":29},"end":{"line":48,"column":39}},"loc":{"start":{"line":48,"column":44},"end":{"line":48,"column":85}}},"7":{"name":"getStudentIDs","decl":{"start":{"line":52,"column":16},"end":{"line":52,"column":29}},"loc":{"start":{"line":52,"column":49},"end":{"line":55,"column":1}}},"8":{"name":"(anonymous_8)","decl":{"start":{"line":53,"column":31},"end":{"line":53,"column":41}},"loc":{"start":{"line":53,"column":46},"end":{"line":53,"column":91}}},"9":{"name":"(anonymous_9)","decl":{"start":{"line":54,"column":9},"end":{"line":54,"column":19}},"loc":{"start":{"line":54,"column":23},"end":{"line":54,"column":51}}},"10":{"name":"deleteStudent","decl":{"start":{"line":59,"column":16},"end":{"line":59,"column":29}},"loc":{"start":{"line":59,"column":50},"end":{"line":65,"column":1}}},"11":{"name":"(anonymous_11)","decl":{"start":{"line":60,"column":41},"end":{"line":60,"column":42}},"loc":{"start":{"line":60,"column":47},"end":{"line":60,"column":79}}},"12":{"name":"addGrade","decl":{"start":{"line":67,"column":16},"end":{"line":67,"column":24}},"loc":{"start":{"line":67,"column":76},"end":{"line":78,"column":1}}},"13":{"name":"(anonymous_13)","decl":{"start":{"line":68,"column":42},"end":{"line":68,"column":43}},"loc":{"start":{"line":68,"column":48},"end":{"line":68,"column":80}}},"14":{"name":"addGradeToTranscript","decl":{"start":{"line":82,"column":9},"end":{"line":82,"column":29}},"loc":{"start":{"line":82,"column":86},"end":{"line":88,"column":1}}},"15":{"name":"(anonymous_15)","decl":{"start":{"line":84,"column":23},"end":{"line":84,"column":28}},"loc":{"start":{"line":84,"column":32},"end":{"line":84,"column":55}}},"16":{"name":"getGrade","decl":{"start":{"line":91,"column":16},"end":{"line":91,"column":24}},"loc":{"start":{"line":91,"column":61},"end":{"line":100,"column":1}}},"17":{"name":"(anonymous_17)","decl":{"start":{"line":92,"column":44},"end":{"line":92,"column":45}},"loc":{"start":{"line":92,"column":49},"end":{"line":92,"column":81}}},"18":{"name":"(anonymous_18)","decl":{"start":{"line":93,"column":46},"end":{"line":93,"column":47}},"loc":{"start":{"line":93,"column":51},"end":{"line":93,"column":69}}}},"branchMap":{"0":{"loc":{"start":{"line":39,"column":41},"end":{"line":39,"column":67}},"type":"default-arg","locations":[{"start":{"line":39,"column":65},"end":{"line":39,"column":67}}]},"1":{"loc":{"start":{"line":61,"column":2},"end":{"line":63,"column":null}},"type":"if","locations":[{"start":{"line":61,"column":2},"end":{"line":63,"column":null}}]},"2":{"loc":{"start":{"line":69,"column":2},"end":{"line":71,"column":null}},"type":"if","locations":[{"start":{"line":69,"column":2},"end":{"line":71,"column":null}}]},"3":{"loc":{"start":{"line":84,"column":2},"end":{"line":86,"column":null}},"type":"if","locations":[{"start":{"line":84,"column":2},"end":{"line":86,"column":null}}]},"4":{"loc":{"start":{"line":94,"column":2},"end":{"line":96,"column":null}},"type":"if","locations":[{"start":{"line":94,"column":2},"end":{"line":96,"column":null}}]}},"s":{"0":1,"1":18,"2":1,"3":0,"4":0,"5":0,"6":0,"7":1,"8":5,"9":1,"10":1,"11":21,"12":21,"13":21,"14":21,"15":21,"16":21,"17":1,"18":10,"19":8,"20":1,"21":2,"22":6,"23":3,"24":1,"25":5,"26":5,"27":5,"28":1,"29":4,"30":1,"31":16,"32":18,"33":16,"34":1,"35":15,"36":15,"37":15,"38":2,"39":1,"40":15,"41":15,"42":5,"43":2,"44":13,"45":6,"46":6,"47":6,"48":5,"49":6,"50":3,"51":3,"52":1},"f":{"0":18,"1":0,"2":5,"3":21,"4":21,"5":10,"6":8,"7":2,"8":6,"9":3,"10":5,"11":5,"12":16,"13":18,"14":15,"15":5,"16":6,"17":6,"18":5},"b":{"0":[21],"1":[1],"2":[1],"3":[2],"4":[3]}}
}
