TN:
SF:src\transcriptManager.ts
FN:13,initialize
FN:17,addDemoData
FN:24,getAll
FN:32,(anonymous_3)
FN:39,addStudent
FN:47,getTranscript
FN:48,(anonymous_6)
FN:52,getStudentIDs
FN:53,(anonymous_8)
FN:54,(anonymous_9)
FN:59,deleteStudent
FN:60,(anonymous_11)
FN:67,addGrade
FN:68,(anonymous_13)
FN:82,addGradeToTranscript
FN:84,(anonymous_15)
FN:91,getGrade
FN:92,(anonymous_17)
FN:93,(anonymous_18)
FNF:19
FNH:18
FNDA:18,initialize
FNDA:0,addDemoData
FNDA:5,getAll
FNDA:21,(anonymous_3)
FNDA:21,addStudent
FNDA:10,getTranscript
FNDA:8,(anonymous_6)
FNDA:2,getStudentIDs
FNDA:6,(anonymous_8)
FNDA:3,(anonymous_9)
FNDA:5,deleteStudent
FNDA:5,(anonymous_11)
FNDA:16,addGrade
FNDA:18,(anonymous_13)
FNDA:15,addGradeToTranscript
FNDA:5,(anonymous_15)
FNDA:6,getGrade
FNDA:6,(anonymous_17)
FNDA:5,(anonymous_18)
DA:11,1
DA:13,1
DA:14,18
DA:17,1
DA:18,0
DA:19,0
DA:20,0
DA:21,0
DA:24,1
DA:25,5
DA:30,1
DA:33,21
DA:34,21
DA:39,1
DA:40,21
DA:41,21
DA:42,21
DA:43,21
DA:47,1
DA:48,10
DA:52,1
DA:53,6
DA:54,3
DA:59,1
DA:60,5
DA:61,5
DA:62,1
DA:64,4
DA:67,1
DA:68,18
DA:69,16
DA:70,1
DA:72,15
DA:73,15
DA:74,15
DA:76,2
DA:83,15
DA:84,15
DA:85,2
DA:87,13
DA:91,1
DA:92,6
DA:93,6
DA:94,6
DA:95,3
DA:98,3
LF:46
LH:42
BRDA:39,0,0,21
BRDA:61,1,0,1
BRDA:69,2,0,1
BRDA:84,3,0,2
BRDA:94,4,0,3
BRF:5
BRH:5
end_of_record
